<?xml version="1.0" encoding="UTF-8"?>
<!-- Generated by org.testng.reporters.JUnitReportReporter -->
<testsuite skipped="0" hostname="RammohanN-PC" name="com.ktpl.testcases.HeadersectionTest" tests="3" failures="0" timestamp="2020-02-26T20:04:26 IST" time="0.636" errors="0">
  <testcase name="storelogotest" time="0.346" classname="com.ktpl.testcases.HeadersectionTest"/>
  <testcase name="hearderpromotextTest" time="0.112" classname="com.ktpl.testcases.HeadersectionTest"/>
  <testcase name="MyaccounticonTest" time="0.178" classname="com.ktpl.testcases.HeadersectionTest"/>
</testsuite> <!-- com.ktpl.testcases.HeadersectionTest -->
